INFO: 2022-01-08 02:12:14,080: main() 'Using profile folder /home/coco/.config/variety/'
INFO: 2022-01-08 02:12:14,087: perform_upgrade() 'Last run version was 0.8.5 or earlier, current version is 0.8.5'
INFO: 2022-01-08 02:12:14,292: process_command() 'Received command: ['-p']'
INFO: 2022-01-08 02:12:14,297: load_banned() 'Missing or invalid banned URLs list, no URLs will be banned'
INFO: 2022-01-08 02:12:14,315: start() 'Using data_path /usr/share/variety'
INFO: 2022-01-08 02:12:14,316: load() 'Jumble loading'
INFO: 2022-01-08 02:12:14,316: _walk_modules() 'Jumble loading module in __init__ from /usr/lib/python3.10/site-packages/variety/plugins/builtin/__init__.py'
INFO: 2022-01-08 02:12:14,318: _walk_modules() 'Jumble loading module in LocalFilesSource from /usr/lib/python3.10/site-packages/variety/plugins/builtin/quotes/LocalFilesSource.py'
INFO: 2022-01-08 02:12:14,319: load() 'Jumble found plugin class: <class 'LocalFilesSource.LocalFilesSource'>: {'name': 'Local text files', 'description': 'Displays quotes, defined in local text files.\nPut your own txt files in: ~/.config/variety/pluginconfig/quotes/.\nThe file format is:\n\nquote -- author\n.\nsecond quote -- another author\n.\netc...\n\nExample: http://rvelthuis.de/zips/quotes.txt', 'author': 'Peter Levi', 'version': '0.1'}'
INFO: 2022-01-08 02:12:14,320: _walk_modules() 'Jumble loading module in QuotationsPageSource from /usr/lib/python3.10/site-packages/variety/plugins/builtin/quotes/QuotationsPageSource.py'
INFO: 2022-01-08 02:12:14,332: load() 'Jumble found plugin class: <class 'QuotationsPageSource.QuotationsPageSource'>: {'name': 'TheQuotationsPage.com', 'description': 'Fetches quotes from TheQuotationsPage.com', 'author': 'Peter Levi', 'version': '0.1'}'
INFO: 2022-01-08 02:12:14,332: _walk_modules() 'Jumble loading module in FortuneSource from /usr/lib/python3.10/site-packages/variety/plugins/builtin/quotes/FortuneSource.py'
INFO: 2022-01-08 02:12:14,333: load() 'Jumble found plugin class: <class 'FortuneSource.FortuneSource'>: {'name': 'UNIX fortune program', 'description': 'Displays quotes using the UNIX fortune program. You may want to install additional fortune packs, e.g. fortunes-bofh-excuses.', 'author': 'Dan Jones', 'version': '0.1'}'
INFO: 2022-01-08 02:12:14,334: _walk_modules() 'Jumble loading module in GoodreadsSource from /usr/lib/python3.10/site-packages/variety/plugins/builtin/quotes/GoodreadsSource.py'
INFO: 2022-01-08 02:12:14,335: load() 'Jumble found plugin class: <class 'GoodreadsSource.GoodreadsSource'>: {'name': 'Goodreads', 'description': 'Fetches quotes from Goodreads.com', 'author': 'Peter Levi', 'version': '0.1'}'
INFO: 2022-01-08 02:12:14,336: _walk_modules() 'Jumble loading module in UrbanDictionarySource from /usr/lib/python3.10/site-packages/variety/plugins/builtin/quotes/UrbanDictionarySource.py'
INFO: 2022-01-08 02:12:14,336: load() 'Jumble found plugin class: <class 'UrbanDictionarySource.UrbanDictionarySource'>: {'name': 'Urban Dictionary', 'description': 'Displays definitions from Urban Dictionary', 'author': 'James Miller', 'version': '0.1'}'
INFO: 2022-01-08 02:12:14,337: _walk_modules() 'Jumble loading module in __init__ from /usr/lib/python3.10/site-packages/variety/plugins/builtin/quotes/__init__.py'
INFO: 2022-01-08 02:12:14,338: _walk_modules() 'Jumble loading module in UnsplashDownloader from /usr/lib/python3.10/site-packages/variety/plugins/builtin/downloaders/UnsplashDownloader.py'
INFO: 2022-01-08 02:12:14,340: load() 'Jumble found plugin class: <class 'UnsplashDownloader.UnsplashDownloader'>: {'name': 'UnsplashDownloader', 'description': 'High-resolution photos from Unsplash.com', 'author': 'Peter Levi', 'version': '0.1'}'
INFO: 2022-01-08 02:12:14,341: _walk_modules() 'Jumble loading module in EarthviewDownloader from /usr/lib/python3.10/site-packages/variety/plugins/builtin/downloaders/EarthviewDownloader.py'
INFO: 2022-01-08 02:12:14,342: load() 'Jumble found plugin class: <class 'EarthviewDownloader.EarthviewDownloader'>: {'name': 'EarthviewDownloader', 'description': 'Google Earth View Wallpapers', 'author': 'Peter Levi', 'version': '0.1'}'
INFO: 2022-01-08 02:12:14,342: _walk_modules() 'Jumble loading module in UnsplashConfigurableSource from /usr/lib/python3.10/site-packages/variety/plugins/builtin/downloaders/UnsplashConfigurableSource.py'
INFO: 2022-01-08 02:12:14,345: load() 'Jumble found plugin class: <class 'UnsplashConfigurableSource.UnsplashConfigurableSource'>: {'name': 'UnsplashConfigurableSource', 'description': 'Configurable source for fetching photos from Unsplash.com', 'author': 'Peter Levi', 'version': '0.1'}'
INFO: 2022-01-08 02:12:14,346: _walk_modules() 'Jumble loading module in MediaRSSSource from /usr/lib/python3.10/site-packages/variety/plugins/builtin/downloaders/MediaRSSSource.py'
INFO: 2022-01-08 02:12:14,349: load() 'Jumble found plugin class: <class 'MediaRSSSource.MediaRSSSource'>: {'name': 'MediaRSSSource', 'description': 'Configurable source for fetching images from MediaRSS feeds', 'author': 'Peter Levi', 'version': '0.1'}'
INFO: 2022-01-08 02:12:14,349: _walk_modules() 'Jumble loading module in MediaRSSDownloader from /usr/lib/python3.10/site-packages/variety/plugins/builtin/downloaders/MediaRSSDownloader.py'
INFO: 2022-01-08 02:12:14,351: _walk_modules() 'Jumble loading module in BingDownloader from /usr/lib/python3.10/site-packages/variety/plugins/builtin/downloaders/BingDownloader.py'
INFO: 2022-01-08 02:12:14,352: load() 'Jumble found plugin class: <class 'BingDownloader.BingDownloader'>: {'name': 'BingDownloader', 'description': 'Bing Photo of the Day', 'author': 'Peter Levi', 'version': '0.1'}'
INFO: 2022-01-08 02:12:14,353: _walk_modules() 'Jumble loading module in APODDownloader from /usr/lib/python3.10/site-packages/variety/plugins/builtin/downloaders/APODDownloader.py'
INFO: 2022-01-08 02:12:14,354: load() 'Jumble found plugin class: <class 'APODDownloader.APODDownloader'>: {'name': 'APODDownloader', 'description': 'NASA Astro Pic of the Day', 'author': 'Peter Levi', 'version': '0.1'}'
INFO: 2022-01-08 02:12:14,355: _walk_modules() 'Jumble loading module in RedditDownloader from /usr/lib/python3.10/site-packages/variety/plugins/builtin/downloaders/RedditDownloader.py'
INFO: 2022-01-08 02:12:14,356: _walk_modules() 'Jumble loading module in WallhavenDownloader from /usr/lib/python3.10/site-packages/variety/plugins/builtin/downloaders/WallhavenDownloader.py'
INFO: 2022-01-08 02:12:14,357: _walk_modules() 'Jumble loading module in WallhavenSource from /usr/lib/python3.10/site-packages/variety/plugins/builtin/downloaders/WallhavenSource.py'
INFO: 2022-01-08 02:12:14,359: load() 'Jumble found plugin class: <class 'WallhavenSource.WallhavenSource'>: {'name': 'WallhavenSource', 'description': 'Configurable source for fetching images from Wallhaven.cc', 'author': 'Peter Levi', 'version': '0.1'}'
INFO: 2022-01-08 02:12:14,359: _walk_modules() 'Jumble loading module in __init__ from /usr/lib/python3.10/site-packages/variety/plugins/builtin/downloaders/__init__.py'
INFO: 2022-01-08 02:12:14,360: _walk_modules() 'Jumble loading module in RedditSource from /usr/lib/python3.10/site-packages/variety/plugins/builtin/downloaders/RedditSource.py'
INFO: 2022-01-08 02:12:14,362: load() 'Jumble found plugin class: <class 'RedditSource.RedditSource'>: {'name': 'RedditSource', 'description': 'Configurable source for fetching images from Reddit', 'author': 'Peter Levi', 'version': '0.1'}'
INFO: 2022-01-08 02:12:14,370: log_options() 'Loaded options:'
INFO: 2022-01-08 02:12:14,370: log_options() 'change_enabled = False'
INFO: 2022-01-08 02:12:14,370: log_options() 'change_interval = 300'
INFO: 2022-01-08 02:12:14,370: log_options() 'change_on_start = False'
INFO: 2022-01-08 02:12:14,370: log_options() 'clipboard_enabled = False'
INFO: 2022-01-08 02:12:14,370: log_options() 'clipboard_hosts = ['wallhaven.cc', 'wallpapers.net', 'flickr.com', 'imgur.com', 'deviantart.com', 'interfacelift.com', 'vladstudio.com', 'imageshack.us', 'deviantart.net', 'imageshack.com']'
INFO: 2022-01-08 02:12:14,370: log_options() 'clipboard_use_whitelist = True'
INFO: 2022-01-08 02:12:14,370: log_options() 'clock_date_font = Ubuntu Condensed, 30'
INFO: 2022-01-08 02:12:14,370: log_options() 'clock_enabled = False'
INFO: 2022-01-08 02:12:14,370: log_options() 'clock_filter = -density 100 -font `fc-match -f '%{file[0]}' '%CLOCK_FONT_NAME'` -pointsize %CLOCK_FONT_SIZE -gravity SouthEast -fill '#00000044' -annotate 0x0+[%HOFFSET+58]+[%VOFFSET+108] '%H:%M' -fill white -annotate 0x0+[%HOFFSET+60]+[%VOFFSET+110] '%H:%M' -font `fc-match -f '%{file[0]}' '%DATE_FONT_NAME'` -pointsize %DATE_FONT_SIZE -fill '#00000044' -annotate 0x0+[%HOFFSET+58]+[%VOFFSET+58] '%A, %B %d' -fill white -annotate 0x0+[%HOFFSET+60]+[%VOFFSET+60] '%A, %B %d''
INFO: 2022-01-08 02:12:14,371: log_options() 'clock_font = Ubuntu Condensed, 70'
INFO: 2022-01-08 02:12:14,371: log_options() 'configfile = /home/coco/.config/variety/variety.conf'
INFO: 2022-01-08 02:12:14,371: log_options() 'copyto_enabled = False'
INFO: 2022-01-08 02:12:14,371: log_options() 'copyto_folder = Default'
INFO: 2022-01-08 02:12:14,371: log_options() 'desired_color = [160, 160, 160]'
INFO: 2022-01-08 02:12:14,371: log_options() 'desired_color_enabled = False'
INFO: 2022-01-08 02:12:14,371: log_options() 'download_folder = /home/coco/.config/variety/Downloaded'
INFO: 2022-01-08 02:12:14,371: log_options() 'download_preference_ratio = 0.9'
INFO: 2022-01-08 02:12:14,371: log_options() 'favorites_folder = /home/coco/.config/variety/Favorites'
INFO: 2022-01-08 02:12:14,371: log_options() 'favorites_operations = [['Downloaded', 'Copy'], ['Fetched', 'Move'], ['Others', 'Copy']]'
INFO: 2022-01-08 02:12:14,371: log_options() 'fetched_folder = /home/coco/.config/variety/Fetched'
INFO: 2022-01-08 02:12:14,371: log_options() 'filters = [[False, 'Keep original', ''], [False, 'Grayscale', '-type Grayscale'], [False, 'Heavy blur', '-blur 120x40'], [False, 'Soft blur', '-blur 20x7'], [False, 'Oil painting', '-paint 8'], [False, 'Pointilism', '-spread 10 -noise 3'], [False, 'Pixellate', '-scale 3% -scale 3333%']]'
INFO: 2022-01-08 02:12:14,371: log_options() 'icon = Light'
INFO: 2022-01-08 02:12:14,372: log_options() 'lightness_enabled = False'
INFO: 2022-01-08 02:12:14,372: log_options() 'lightness_mode = 0'
INFO: 2022-01-08 02:12:14,372: log_options() 'min_rating = 4'
INFO: 2022-01-08 02:12:14,372: log_options() 'min_rating_enabled = False'
INFO: 2022-01-08 02:12:14,372: log_options() 'min_size = 80'
INFO: 2022-01-08 02:12:14,372: log_options() 'min_size_enabled = True'
INFO: 2022-01-08 02:12:14,372: log_options() 'quota_enabled = True'
INFO: 2022-01-08 02:12:14,372: log_options() 'quota_size = 1000'
INFO: 2022-01-08 02:12:14,372: log_options() 'quotes_authors = '
INFO: 2022-01-08 02:12:14,372: log_options() 'quotes_bg_color = [80, 80, 80]'
INFO: 2022-01-08 02:12:14,372: log_options() 'quotes_bg_opacity = 55'
INFO: 2022-01-08 02:12:14,372: log_options() 'quotes_change_enabled = False'
INFO: 2022-01-08 02:12:14,372: log_options() 'quotes_change_interval = 300'
INFO: 2022-01-08 02:12:14,373: log_options() 'quotes_disabled_sources = ['Urban Dictionary']'
INFO: 2022-01-08 02:12:14,373: log_options() 'quotes_enabled = False'
INFO: 2022-01-08 02:12:14,373: log_options() 'quotes_favorites_file = /home/coco/.config/variety/favorite_quotes.txt'
INFO: 2022-01-08 02:12:14,373: log_options() 'quotes_font = Bitstream Charter 30'
INFO: 2022-01-08 02:12:14,373: log_options() 'quotes_hpos = 100'
INFO: 2022-01-08 02:12:14,373: log_options() 'quotes_max_length = 250'
INFO: 2022-01-08 02:12:14,373: log_options() 'quotes_tags = '
INFO: 2022-01-08 02:12:14,373: log_options() 'quotes_text_color = [255, 255, 255]'
INFO: 2022-01-08 02:12:14,373: log_options() 'quotes_text_shadow = False'
INFO: 2022-01-08 02:12:14,373: log_options() 'quotes_vpos = 40'
INFO: 2022-01-08 02:12:14,373: log_options() 'quotes_width = 70'
INFO: 2022-01-08 02:12:14,373: log_options() 'safe_mode = False'
INFO: 2022-01-08 02:12:14,374: log_options() 'slideshow_custom_enabled = False'
INFO: 2022-01-08 02:12:14,374: log_options() 'slideshow_custom_folder = /home/coco/Pictures'
INFO: 2022-01-08 02:12:14,374: log_options() 'slideshow_downloads_enabled = False'
INFO: 2022-01-08 02:12:14,374: log_options() 'slideshow_fade = 0.4'
INFO: 2022-01-08 02:12:14,374: log_options() 'slideshow_favorites_enabled = True'
INFO: 2022-01-08 02:12:14,374: log_options() 'slideshow_mode = Fullscreen'
INFO: 2022-01-08 02:12:14,374: log_options() 'slideshow_monitor = All'
INFO: 2022-01-08 02:12:14,374: log_options() 'slideshow_pan = 0.05'
INFO: 2022-01-08 02:12:14,374: log_options() 'slideshow_seconds = 6.0'
INFO: 2022-01-08 02:12:14,374: log_options() 'slideshow_sort_order = Random'
INFO: 2022-01-08 02:12:14,374: log_options() 'slideshow_sources_enabled = True'
INFO: 2022-01-08 02:12:14,374: log_options() 'slideshow_zoom = 0.2'
INFO: 2022-01-08 02:12:14,374: log_options() 'smart_enabled = False'
INFO: 2022-01-08 02:12:14,375: log_options() 'smart_notice_shown = False'
INFO: 2022-01-08 02:12:14,375: log_options() 'smart_register_shown = False'
INFO: 2022-01-08 02:12:14,375: log_options() 'sources = [[True, 'favorites', 'The Favorites folder'], [False, 'fetched', 'The Fetched folder'], [True, 'folder', '/usr/share/backgrounds'], [False, 'flickr', 'user:www.flickr.com/photos/peter-levi/;user_id:93647178@N00;'], [False, 'apod', "NASA's Astronomy Picture of the Day"], [False, 'bing', 'Bing Photo of the Day'], [False, 'earthview', 'Google Earth View Wallpapers'], [False, 'unsplash', 'High-resolution photos from Unsplash.com']]'
INFO: 2022-01-08 02:12:14,375: log_options() 'stats_enabled = True'
INFO: 2022-01-08 02:12:14,375: log_options() 'stats_notice_shown = False'
INFO: 2022-01-08 02:12:14,375: log_options() 'sync_enabled = True'
INFO: 2022-01-08 02:12:14,375: log_options() 'use_landscape_enabled = True'
INFO: 2022-01-08 02:12:14,375: reload_config() 'No need to clear prepared queue'
INFO: 2022-01-08 02:12:14,375: update_indicator() 'Setting file info to: /usr/share/backgrounds/arcolinux/arco-login-plasma.jpg'
INFO: 2022-01-08 02:12:14,381: load_last_change_time() 'Change interval < 6 hours, ignore persisted last_change_time, wait initially the whole interval: 300'
INFO: 2022-01-08 02:12:14,381: update_indicator() 'Setting file info to: /usr/share/backgrounds/arcolinux/arco-login-plasma.jpg'
INFO: 2022-01-08 02:12:14,382: regular_change_thread() 'regular_change thread running'
INFO: 2022-01-08 02:12:14,383: regular_change_thread() 'regular_change: waiting till user resumes'
INFO: 2022-01-08 02:12:14,383: prepare_thread() 'Prepare thread running'
INFO: 2022-01-08 02:12:14,383: prepare_thread() 'Prepared buffer contains 0 images'
INFO: 2022-01-08 02:12:14,383: prepare_thread() 'Preparing some images'
INFO: 2022-01-08 02:12:14,387: update_indicator_icon() 'Creating indicator'
WARNING: 2022-01-08 02:12:14,409: create_menu() 'Variety Slideshow is not installed. This is an optional extension adding pan-and-zoom slideshows to Variety: see https://github.com/peterlevi/variety-slideshow for details'
INFO: 2022-01-08 02:12:14,412: create_indicator() 'indicator backend: AppIndicator3'
INFO: 2022-01-08 02:12:14,423: prepare_thread() 'After search prepared buffer contains 12 images'
INFO: 2022-01-08 02:12:14,447: set_from_theme_icon() 'Showing indicator icon variety-indicator from GTK theme'
INFO: 2022-01-08 02:12:14,482: do_set_wp() 'Calling do_set_wp with /usr/share/backgrounds/arcolinux/arco-login-plasma.jpg, time: 1641582734.482016'
INFO: 2022-01-08 02:12:14,496: update_indicator() 'Setting file info to: /usr/share/backgrounds/arcolinux/arco-login-plasma.jpg'
INFO: 2022-01-08 02:12:14,502: process_command() 'Received command: ['-p']'
INFO: 2022-01-08 02:12:15,482: do_set_wp() 'Calling do_set_wp with /usr/share/backgrounds/arcolinux/arco-wallpaper.jpg, time: 1641582735.482846'
INFO: 2022-01-08 02:12:15,946: reload() 'Reloading preferences dialog'
INFO: 2022-01-08 02:12:16,424: trigger_download() 'Triggering download thread to check if download needed'
INFO: 2022-01-08 02:12:20,695: update_indicator() 'Setting file info to: /usr/share/backgrounds/arcolinux/arco-wallpaper.jpg'
INFO: 2022-01-08 02:12:34,403: server_options_thread() 'Fetching server options from http://tiny.cc/variety-options-063'
INFO: 2022-01-08 02:12:37,219: server_options_thread() 'Fetched server options: {'flickr': {'min_fill_queue_interval': 1200, 'min_download_interval': 1200}, 'wallbase': {'min_fill_queue_interval': 1800, 'min_download_interval': 1800}, 'wallhaven': {'min_fill_queue_interval': 1800, 'min_download_interval': 1800}, 'wallpapers.net': {'min_fill_queue_interval': 601, 'min_download_interval': 0}, 'unsplash': {'min_fill_queue_interval': 20000000000, 'min_download_interval': 20000000000}, 'unsplash_v2': {'min_fill_queue_interval': 2000, 'min_download_interval': 1200}, 'status_message': {'0.0.1': '', '*': ''}}'
