[2022-01-04 15:28:15.989] [renderer1] [error] [Extension Host] (node:30957) [DEP0005] DeprecationWarning: Buffer() is deprecated due to security and usability issues. Please use the Buffer.alloc(), Buffer.allocUnsafe(), or Buffer.from() methods instead.
(Use `codium --trace-deprecation ...` to show where the warning was created)
[2022-01-04 15:28:38.139] [renderer1] [error] EACCES: permission denied, open '/opt/vscodium-bin/resources/app/extensions/npm/package.json': Error: EACCES: permission denied, open '/opt/vscodium-bin/resources/app/extensions/npm/package.json'
[2022-01-04 15:28:38.142] [renderer1] [error] EACCES: permission denied, open '/opt/vscodium-bin/resources/app/extensions/json-language-features/package.json': Error: EACCES: permission denied, open '/opt/vscodium-bin/resources/app/extensions/json-language-features/package.json'
[2022-01-04 15:28:38.142] [renderer1] [error] EACCES: permission denied, open '/opt/vscodium-bin/resources/app/extensions/json/package.json': Error: EACCES: permission denied, open '/opt/vscodium-bin/resources/app/extensions/json/package.json'
[2022-01-04 15:28:38.144] [renderer1] [error] EACCES: permission denied, open '/opt/vscodium-bin/resources/app/extensions/html-language-features/package.json': Error: EACCES: permission denied, open '/opt/vscodium-bin/resources/app/extensions/html-language-features/package.json'
[2022-01-04 15:28:38.145] [renderer1] [error] EACCES: permission denied, open '/opt/vscodium-bin/resources/app/extensions/yaml/package.json': Error: EACCES: permission denied, open '/opt/vscodium-bin/resources/app/extensions/yaml/package.json'
[2022-01-04 15:28:38.146] [renderer1] [error] EACCES: permission denied, open '/opt/vscodium-bin/resources/app/extensions/cpp/package.json': Error: EACCES: permission denied, open '/opt/vscodium-bin/resources/app/extensions/cpp/package.json'
[2022-01-04 15:28:38.146] [renderer1] [error] EACCES: permission denied, open '/opt/vscodium-bin/resources/app/extensions/html/package.json': Error: EACCES: permission denied, open '/opt/vscodium-bin/resources/app/extensions/html/package.json'
[2022-01-04 15:28:38.147] [renderer1] [error] EACCES: permission denied, open '/opt/vscodium-bin/resources/app/extensions/css/package.json': Error: EACCES: permission denied, open '/opt/vscodium-bin/resources/app/extensions/css/package.json'
[2022-01-04 15:28:38.148] [renderer1] [error] EACCES: permission denied, open '/opt/vscodium-bin/resources/app/extensions/markdown-basics/package.json': Error: EACCES: permission denied, open '/opt/vscodium-bin/resources/app/extensions/markdown-basics/package.json'
[2022-01-04 15:28:38.149] [renderer1] [error] EACCES: permission denied, open '/opt/vscodium-bin/resources/app/extensions/docker/package.json': Error: EACCES: permission denied, open '/opt/vscodium-bin/resources/app/extensions/docker/package.json'
[2022-01-04 15:28:38.150] [renderer1] [error] EACCES: permission denied, open '/opt/vscodium-bin/resources/app/extensions/java/package.json': Error: EACCES: permission denied, open '/opt/vscodium-bin/resources/app/extensions/java/package.json'
[2022-01-04 15:28:38.154] [renderer1] [error] EACCES: permission denied, open '/opt/vscodium-bin/resources/app/extensions/configuration-editing/package.json': Error: EACCES: permission denied, open '/opt/vscodium-bin/resources/app/extensions/configuration-editing/package.json'
[2022-01-04 15:28:38.154] [renderer1] [error] EACCES: permission denied, open '/opt/vscodium-bin/resources/app/extensions/debug-auto-launch/package.json': Error: EACCES: permission denied, open '/opt/vscodium-bin/resources/app/extensions/debug-auto-launch/package.json'
[2022-01-04 15:28:38.155] [renderer1] [error] EACCES: permission denied, open '/opt/vscodium-bin/resources/app/extensions/log/package.json': Error: EACCES: permission denied, open '/opt/vscodium-bin/resources/app/extensions/log/package.json'
[2022-01-04 15:28:38.155] [renderer1] [error] EACCES: permission denied, open '/opt/vscodium-bin/resources/app/extensions/javascript/package.json': Error: EACCES: permission denied, open '/opt/vscodium-bin/resources/app/extensions/javascript/package.json'
[2022-01-04 15:28:38.156] [renderer1] [error] EACCES: permission denied, open '/opt/vscodium-bin/resources/app/extensions/make/package.json': Error: EACCES: permission denied, open '/opt/vscodium-bin/resources/app/extensions/make/package.json'
[2022-01-04 15:28:38.157] [renderer1] [error] EACCES: permission denied, open '/opt/vscodium-bin/resources/app/extensions/handlebars/package.json': Error: EACCES: permission denied, open '/opt/vscodium-bin/resources/app/extensions/handlebars/package.json'
[2022-01-04 15:28:38.157] [renderer1] [error] EACCES: permission denied, open '/opt/vscodium-bin/resources/app/extensions/less/package.json': Error: EACCES: permission denied, open '/opt/vscodium-bin/resources/app/extensions/less/package.json'
[2022-01-04 15:28:38.158] [renderer1] [error] EACCES: permission denied, open '/opt/vscodium-bin/resources/app/extensions/go/package.json': Error: EACCES: permission denied, open '/opt/vscodium-bin/resources/app/extensions/go/package.json'
[2022-01-04 15:28:38.159] [renderer1] [error] EACCES: permission denied, open '/opt/vscodium-bin/resources/app/extensions/bat/package.json': Error: EACCES: permission denied, open '/opt/vscodium-bin/resources/app/extensions/bat/package.json'
[2022-01-04 15:28:38.159] [renderer1] [error] EACCES: permission denied, open '/opt/vscodium-bin/resources/app/extensions/clojure/package.json': Error: EACCES: permission denied, open '/opt/vscodium-bin/resources/app/extensions/clojure/package.json'
[2022-01-04 15:28:38.160] [renderer1] [error] EACCES: permission denied, open '/opt/vscodium-bin/resources/app/extensions/coffeescript/package.json': Error: EACCES: permission denied, open '/opt/vscodium-bin/resources/app/extensions/coffeescript/package.json'
[2022-01-04 15:28:38.161] [renderer1] [error] EACCES: permission denied, open '/opt/vscodium-bin/resources/app/extensions/emmet/package.json': Error: EACCES: permission denied, open '/opt/vscodium-bin/resources/app/extensions/emmet/package.json'
[2022-01-04 15:28:38.162] [renderer1] [error] EACCES: permission denied, open '/opt/vscodium-bin/resources/app/extensions/groovy/package.json': Error: EACCES: permission denied, open '/opt/vscodium-bin/resources/app/extensions/groovy/package.json'
[2022-01-04 15:28:38.162] [renderer1] [error] EACCES: permission denied, open '/opt/vscodium-bin/resources/app/extensions/grunt/package.json': Error: EACCES: permission denied, open '/opt/vscodium-bin/resources/app/extensions/grunt/package.json'
[2022-01-04 15:28:38.163] [renderer1] [error] EACCES: permission denied, open '/opt/vscodium-bin/resources/app/extensions/gulp/package.json': Error: EACCES: permission denied, open '/opt/vscodium-bin/resources/app/extensions/gulp/package.json'
[2022-01-04 15:28:38.163] [renderer1] [error] EACCES: permission denied, open '/opt/vscodium-bin/resources/app/extensions/jake/package.json': Error: EACCES: permission denied, open '/opt/vscodium-bin/resources/app/extensions/jake/package.json'
[2022-01-04 15:28:38.164] [renderer1] [error] EACCES: permission denied, open '/opt/vscodium-bin/resources/app/extensions/shellscript/package.json': Error: EACCES: permission denied, open '/opt/vscodium-bin/resources/app/extensions/shellscript/package.json'
[2022-01-04 15:28:38.165] [renderer1] [error] EACCES: permission denied, open '/opt/vscodium-bin/resources/app/extensions/xml/package.json': Error: EACCES: permission denied, open '/opt/vscodium-bin/resources/app/extensions/xml/package.json'
[2022-01-04 15:28:38.165] [renderer1] [error] EACCES: permission denied, open '/opt/vscodium-bin/resources/app/extensions/ini/package.json': Error: EACCES: permission denied, open '/opt/vscodium-bin/resources/app/extensions/ini/package.json'
[2022-01-04 15:28:38.166] [renderer1] [error] EACCES: permission denied, open '/opt/vscodium-bin/resources/app/extensions/csharp/package.json': Error: EACCES: permission denied, open '/opt/vscodium-bin/resources/app/extensions/csharp/package.json'
[2022-01-04 15:28:38.166] [renderer1] [error] EACCES: permission denied, open '/opt/vscodium-bin/resources/app/extensions/lua/package.json': Error: EACCES: permission denied, open '/opt/vscodium-bin/resources/app/extensions/lua/package.json'
[2022-01-04 15:28:38.167] [renderer1] [error] EACCES: permission denied, open '/opt/vscodium-bin/resources/app/extensions/python/package.json': Error: EACCES: permission denied, open '/opt/vscodium-bin/resources/app/extensions/python/package.json'
[2022-01-04 15:28:38.167] [renderer1] [error] EACCES: permission denied, open '/opt/vscodium-bin/resources/app/extensions/fsharp/package.json': Error: EACCES: permission denied, open '/opt/vscodium-bin/resources/app/extensions/fsharp/package.json'
[2022-01-04 15:28:38.168] [renderer1] [error] EACCES: permission denied, open '/opt/vscodium-bin/resources/app/extensions/hlsl/package.json': Error: EACCES: permission denied, open '/opt/vscodium-bin/resources/app/extensions/hlsl/package.json'
[2022-01-04 15:28:38.168] [renderer1] [error] EACCES: permission denied, open '/opt/vscodium-bin/resources/app/extensions/merge-conflict/package.json': Error: EACCES: permission denied, open '/opt/vscodium-bin/resources/app/extensions/merge-conflict/package.json'
[2022-01-04 15:28:38.169] [renderer1] [error] EACCES: permission denied, open '/opt/vscodium-bin/resources/app/extensions/typescript-basics/package.json': Error: EACCES: permission denied, open '/opt/vscodium-bin/resources/app/extensions/typescript-basics/package.json'
[2022-01-04 15:28:38.169] [renderer1] [error] EACCES: permission denied, open '/opt/vscodium-bin/resources/app/extensions/typescript-language-features/package.json': Error: EACCES: permission denied, open '/opt/vscodium-bin/resources/app/extensions/typescript-language-features/package.json'
[2022-01-04 15:28:38.170] [renderer1] [error] EACCES: permission denied, open '/opt/vscodium-bin/resources/app/extensions/css-language-features/package.json': Error: EACCES: permission denied, open '/opt/vscodium-bin/resources/app/extensions/css-language-features/package.json'
[2022-01-04 15:28:47.995] [renderer1] [error] EACCES: permission denied, open '/opt/vscodium-bin/resources/app/extensions/npm/package.json': Error: EACCES: permission denied, open '/opt/vscodium-bin/resources/app/extensions/npm/package.json'
